TN:
SF:index.js
FN:18,(anonymous_0)
FN:47,(anonymous_1)
FN:54,(anonymous_2)
FN:59,(anonymous_3)
FN:73,(anonymous_4)
FN:76,(anonymous_5)
FN:91,(anonymous_6)
FN:96,(anonymous_7)
FN:115,validate
FN:139,set
FN:148,getColor
FN:162,getAverageColor
FN:186,setColor
FN:197,randomColorHex
FN:210,(anonymous_14)
FNF:15
FNH:11
FNDA:1,(anonymous_0)
FNDA:2,(anonymous_1)
FNDA:1,(anonymous_2)
FNDA:13,(anonymous_3)
FNDA:0,(anonymous_4)
FNDA:0,(anonymous_5)
FNDA:0,(anonymous_6)
FNDA:27,(anonymous_7)
FNDA:27,validate
FNDA:16,set
FNDA:13,getColor
FNDA:13,getAverageColor
FNDA:16,setColor
FNDA:8,randomColorHex
FNDA:0,(anonymous_14)
DA:1,1
DA:2,1
DA:3,1
DA:4,1
DA:5,1
DA:6,1
DA:7,1
DA:8,1
DA:10,1
DA:13,1
DA:14,1
DA:16,1
DA:18,1
DA:19,1
DA:20,1
DA:25,1
DA:27,0
DA:28,0
DA:30,0
DA:35,1
DA:36,1
DA:37,1
DA:38,1
DA:40,1
DA:41,1
DA:42,1
DA:44,1
DA:47,1
DA:48,2
DA:49,2
DA:51,0
DA:54,1
DA:55,1
DA:56,1
DA:59,1
DA:60,13
DA:61,13
DA:62,13
DA:63,13
DA:68,0
DA:69,0
DA:73,1
DA:74,0
DA:76,0
DA:77,0
DA:78,0
DA:79,0
DA:80,0
DA:81,0
DA:86,0
DA:87,0
DA:91,0
DA:92,0
DA:96,1
DA:97,27
DA:98,27
DA:100,27
DA:101,11
DA:107,16
DA:108,14
DA:110,2
DA:111,2
DA:116,27
DA:117,4
DA:120,23
DA:123,23
DA:124,3
DA:128,20
DA:129,2
DA:133,18
DA:134,18
DA:136,18
DA:140,16
DA:141,16
DA:143,2
DA:144,2
DA:149,13
DA:150,13
DA:151,11
DA:152,9
DA:154,2
DA:157,2
DA:158,2
DA:163,13
DA:164,13
DA:165,13
DA:167,13
DA:174,10
DA:175,9
DA:176,9
DA:178,1
DA:181,3
DA:182,3
DA:187,16
DA:188,16
DA:189,16
DA:190,16
DA:192,2
DA:193,2
DA:198,8
DA:199,8
DA:200,48
DA:202,8
DA:206,1
DA:209,1
DA:210,0
DA:211,0
LF:107
LH:88
BRDA:11,0,0,1
BRDA:11,0,1,1
BRDA:27,1,0,0
BRDA:27,1,1,0
BRDA:48,2,0,2
BRDA:48,2,1,0
BRDA:48,3,0,2
BRDA:48,3,1,2
BRDA:48,3,2,2
BRDA:100,4,0,11
BRDA:100,4,1,16
BRDA:116,5,0,4
BRDA:116,5,1,23
BRDA:116,6,0,27
BRDA:116,6,1,27
BRDA:123,7,0,3
BRDA:123,7,1,20
BRDA:128,8,0,2
BRDA:128,8,1,18
BRDA:151,9,0,9
BRDA:151,9,1,2
BRDA:151,10,0,11
BRDA:151,10,1,10
BRDA:174,11,0,9
BRDA:174,11,1,1
BRDA:174,12,0,10
BRDA:174,12,1,10
BRDA:209,13,0,0
BRDA:209,13,1,1
BRF:29
BRH:25
end_of_record
